<?xml version="1.0" encoding="UTF-8"?>
<!-- Generated by org.testng.reporters.JUnitReportReporter -->
<testsuite hostname="DESKTOP-E8B2JUG" failures="0" tests="3" name="files.dynamicJson" time="5.185" errors="0" timestamp="2022-04-17T20:16:48 PST" skipped="0">
  <testcase classname="files.dynamicJson" name="addBook" time="0.572"/>
  <system-out/>
  <testcase classname="files.dynamicJson" name="addBook" time="4.037"/>
  <system-out/>
  <testcase classname="files.dynamicJson" name="addBook" time="0.576"/>
  <system-out/>
</testsuite> <!-- files.dynamicJson -->
